; Top Design: "BSF_lib:BSF:schematic"
; Netlisted using Hierarchy Policy: "Standard"

Options ResourceUsage=yes UseNutmegFormat=no EnableOptim=no TopDesignName="BSF_lib:BSF:schematic" DcopOutputNodeVoltages=yes DcopOutputPinCurrents=yes DcopOutputAllSweepPoints=no DcopOutputDcopType=0
Port:TermG1  N__0 0 Num=1 Z=50 Ohm Noise=yes 
C:C1  N__0 N__4 C=1 pF tune{ 0.001 pF to 10 pF by 0.1 pF } 
L:L1  N__0 N__4 L=0.3 nH tune{ 1e-05 nH to 10 nH by 0.1 nH } Noise=yes  
C:C2  N__4 N__5 C=0.4 pF tune{ 0.001 pF to 10 pF by 0.1 pF } 
L:L2  N__5 0 L=0.8 nH tune{ 0.001 nH to 10 nH by 0.1 nH } Noise=yes  
Port:TermG2  N__4 0 Num=2 Z=50 Ohm Noise=yes 
S_Param:SP1 CalcS=yes CalcY=no CalcZ=no GroupDelayAperture=1e-4 FreqConversion=no FreqConversionPort=1 StatusLevel=2 CalcNoise=no SortNoise=0 BandwidthForNoise=1.0 Hz DevOpPtLevel=0 \
SweepVar="freq" SweepPlan="SP1_stim" OutputPlan="SP1_Output" 

SweepPlan: SP1_stim Start=1 GHz Stop=80 GHz Step=0.1 GHz 

OutputPlan:SP1_Output \
      Type="Output" \
      UseEquationNestLevel=yes \
      EquationNestLevel=2 \
      UseSavedEquationNestLevel=yes \
      SavedEquationNestLevel=2

#load "python","LinearCollapse"
Component Module="LinearCollapse" Type="ModelExtractor" NetworkRepresentation=2
