; Top Design: "Ermia_lib:cell_3:schematic"
; Netlisted using Hierarchy Policy: "Standard"

Options ResourceUsage=yes UseNutmegFormat=no EnableOptim=no TopDesignName="Ermia_lib:cell_3:schematic" DcopOutputNodeVoltages=yes DcopOutputPinCurrents=yes DcopOutputAllSweepPoints=no DcopOutputDcopType=0
S_Param:SP1 CalcS=yes CalcY=no CalcZ=no GroupDelayAperture=1e-4 FreqConversion=no FreqConversionPort=1 StatusLevel=2 CalcNoise=no SortNoise=0 BandwidthForNoise=1.0 Hz DevOpPtLevel=0 \
SweepVar="freq" SweepPlan="SP1_stim" OutputPlan="SP1_Output" 

SweepPlan: SP1_stim Start=2 GHz Stop=2.8 GHz Step=10 MHz 

OutputPlan:SP1_Output \
      Type="Output" \
      UseEquationNestLevel=yes \
      EquationNestLevel=2 \
      UseSavedEquationNestLevel=yes \
      SavedEquationNestLevel=2

#load "python","LinearCollapse"
Component Module="LinearCollapse" Type="ModelExtractor" NetworkRepresentation=2
Port:TermG1  N__6 0 Num=1 Z=50 Ohm Noise=yes 
Port:TermG2  N__9 0 Num=2 Z=50 Ohm Noise=yes 
Port:TermG3  N__1 0 Num=3 Z=50 Ohm Noise=yes 
Port:TermG4  N__15 0 Num=4 Z=50 Ohm Noise=yes 
C:C1  0 N__6 C=0.56 pF 
C:C2  N__6 N__9 C=1.33 pF 
C:C3  N__9 0 C=0.56 pF 
C:C4  0 N__1 C=0.56 pF 
C:C5  N__1 N__15 C=1.33 pF 
C:C6  N__15 0 C=0.56 pF 
L:L2  N__9 N__15 L=2.35 nH Noise=yes  
L:L1  N__6 N__1 L=2.35 nH Noise=yes  
