; Top Design: "Low_Pass_Filter_lib:example1:schematic"
; Netlisted using Hierarchy Policy: "Standard"

Options ResourceUsage=yes UseNutmegFormat=no EnableOptim=no TopDesignName="Low_Pass_Filter_lib:example1:schematic" DcopOutputNodeVoltages=yes DcopOutputPinCurrents=yes DcopOutputAllSweepPoints=no DcopOutputDcopType=0
L:L1  N__8 N__2 L=6.485 nH tune{ 0.5 nH to 10 nH by 0.1 nH } Noise=yes  
L:L2  N__2 N__6 L=4.585 nH tune{ 0.5 nH to 10 nH by 0.1 nH } Noise=yes  
C:C1  N__8 0 C=0.9 pF tune{ 0.5 pF to 1.5 pF by 0.1 pF } 
C:C2  N__2 0 C=3.155 pF tune{ 0.5 pF to 5 pF by 0.1 pF } 
C:C3  N__6 0 C=0.81 pF tune{ 0.5 pF to 1.5 pF by 0.1 pF } 
S_Param:SP1 CalcS=yes CalcY=no CalcZ=no GroupDelayAperture=1e-4 FreqConversion=no FreqConversionPort=1 StatusLevel=2 CalcNoise=no SortNoise=0 BandwidthForNoise=1.0 Hz DevOpPtLevel=0 \
SweepVar="freq" SweepPlan="SP1_stim" OutputPlan="SP1_Output" 

SweepPlan: SP1_stim Start=1.0 GHz Stop=4 GHz Step=10 MHz 

OutputPlan:SP1_Output \
      Type="Output" \
      UseEquationNestLevel=yes \
      EquationNestLevel=2 \
      UseSavedEquationNestLevel=yes \
      SavedEquationNestLevel=2

#load "python","LinearCollapse"
Component Module="LinearCollapse" Type="ModelExtractor" NetworkRepresentation=2
Port:TermG1  N__8 0 Num=1 Z=50 Ohm Noise=yes 
Port:TermG2  N__6 0 Num=2 Z=50 Ohm Noise=yes 
Port:TermG3  N__6 0 Num=3 Z=50 Ohm Noise=yes 
