; Top Design: "LPF_lib:LPF:schematic"
; Netlisted using Hierarchy Policy: "Standard"

Options ResourceUsage=yes UseNutmegFormat=no EnableOptim=no TopDesignName="LPF_lib:LPF:schematic" DcopOutputNodeVoltages=yes DcopOutputPinCurrents=yes DcopOutputAllSweepPoints=no DcopOutputDcopType=0
Port:TermG2  N__3 0 Num=2 Z=50 Ohm Noise=yes 
C:C2  N__10 0 C=0.1587 pF tune{ 0.1 pF to 100 pF by 0.1 pF } 
S_Param:SP1 CalcS=yes CalcY=no CalcZ=no GroupDelayAperture=1e-4 FreqConversion=no FreqConversionPort=1 StatusLevel=2 CalcNoise=no SortNoise=0 BandwidthForNoise=1.0 Hz DevOpPtLevel=0 \
SweepVar="freq" SweepPlan="SP1_stim" OutputPlan="SP1_Output" 

SweepPlan: SP1_stim Start=0.1 GHz Stop=60 GHz Step=0.01 GHz 

OutputPlan:SP1_Output \
      Type="Output" \
      UseEquationNestLevel=yes \
      EquationNestLevel=2 \
      UseSavedEquationNestLevel=yes \
      SavedEquationNestLevel=2

#load "python","LinearCollapse"
Component Module="LinearCollapse" Type="ModelExtractor" NetworkRepresentation=2
L:L3  N__10 N__3 L=0.33185 nH tune{ 0.1 nH to 1.5 nH by 0.1 nH } Noise=yes  
C:C1  N__1 0 C=0.1587 pF tune{ 0.1 pF to 1.5 pF by 0.1 pF } 
L:L1  N__6 N__1 L=0.33185 nH tune{ 0.1 nH to 1.5 nH by 0.1 nH } Noise=yes  
L:L2  N__1 N__10 L=0.572 nH tune{ 0.1 nH to 1.5 nH by 0.1 nH } Noise=yes  
Port:TermG1  N__6 0 Num=1 Z=50 Ohm Noise=yes 
