; Top Design: "BPF_lib:BPF:schematic"
; Netlisted using Hierarchy Policy: "Standard"

Options ResourceUsage=yes UseNutmegFormat=no EnableOptim=no TopDesignName="BPF_lib:BPF:schematic" DcopOutputNodeVoltages=yes DcopOutputPinCurrents=yes DcopOutputAllSweepPoints=no DcopOutputDcopType=0
L:L1  N__1 N__0 L=6 nH tune{ 0.5 nH to 10 nH by 0.1 nH } Noise=yes  
C:C1  N__0 N__13 C=0.02 pF tune{ 0.001 pF to 1.5 pF by 0.1 pF } 
C:C2  N__13 N__6 C=0.02 pF tune{ 0.001 pF to 1.5 pF by 0.1 pF } 
L:L2  N__6 N__7 L=6 nH tune{ 0.5 nH to 10 nH by 0.1 nH } Noise=yes  
Port:TermG1  N__1 0 Num=1 Z=50 Ohm Noise=yes 
Port:TermG2  N__7 0 Num=2 Z=50 Ohm Noise=yes 
L:L3  N__13 0 L=0.05 nH tune{ 0.001 nH to 1.5 nH by 0.1 nH } Noise=yes  
C:C3  N__13 0 C=1.5 pF tune{ 0.5 pF to 1.5 pF by 0.1 pF } 
S_Param:SP1 CalcS=yes CalcY=no CalcZ=no GroupDelayAperture=1e-4 FreqConversion=no FreqConversionPort=1 StatusLevel=2 CalcNoise=no SortNoise=0 BandwidthForNoise=1.0 Hz DevOpPtLevel=0 \
SweepVar="freq" SweepPlan="SP1_stim" OutputPlan="SP1_Output" 

SweepPlan: SP1_stim Start=1 GHz Stop=80 GHz Step=0.1 GHz 

OutputPlan:SP1_Output \
      Type="Output" \
      UseEquationNestLevel=yes \
      EquationNestLevel=2 \
      UseSavedEquationNestLevel=yes \
      SavedEquationNestLevel=2

#load "python","LinearCollapse"
Component Module="LinearCollapse" Type="ModelExtractor" NetworkRepresentation=2
