; Top Design: "LNA_lib:cell_1:schematic"
; Netlisted using Hierarchy Policy: "Standard"

Options ResourceUsage=yes UseNutmegFormat=no EnableOptim=no TopDesignName="LNA_lib:cell_1:schematic" DcopOutputNodeVoltages=yes DcopOutputPinCurrents=yes DcopOutputAllSweepPoints=no DcopOutputDcopType=0
Port:TermG1  N__0 0 Num=1 Z=50 Ohm Noise=yes 
Port:TermG2  N__1 0 Num=2 Z=50 Ohm Noise=yes 
C:C1  N__0 N__2 C=100 pF tune{ 1 pF to 10000000000 pF by 10 pF } 
MLOC2:TL4  N__26 Subst="MSub1" W=3.1444 mm L=35.4786 mm Wall1=2.5e+28 mm Wall2=2.5e+28 mm Mod=1 
MLIN2:TL3  N__2 N__26 Subst="MSub1" W=1.211 mm L=24.82 mm Wall1=2.5e+28 mm Wall2=2.5e+28 mm Mod=1 
L:L2  N__8 N__10 L=3800 nH tune{ 1 nH to 1000000000 nH by 380 nH } Noise=yes  
C:C3  0 N__10 C=1737.5 pF tune{ 1 pF to 1000000000 pF by 50 pF } 
R:R1  N__13 N__10 R=10 Ohm Noise=yes 
V_Source:SRC1  N__13 0 Type="V_DC" Vdc=0.45 V SaveCurrent=1 
V_Source:SRC2  N__22 0 Type="V_DC" Vdc=4.4 V SaveCurrent=1 
C:C4  0 N__24 C=500 pF tune{ 1 pF to 1000000000 pF by 50 pF } 
R:R2  N__22 N__24 R=10 Ohm Noise=yes 
L:L3  N__25 N__24 L=3800 nH tune{ 1 nH to 100000000 nH by 380 nH } Noise=yes  
C:C6  N__30 N__1 C=500 pF tune{ 1 pF to 1000000000 pF by 50 pF } 
#uselib "ckt" , "S2P"
S2P:SNP1  N__26 N__25 0 Lib="sp_hp99" File="sp_hp_ATF-34143_4_19990129" Temp=27.0 
S_Param:SP1 CalcS=yes CalcY=no CalcZ=no GroupDelayAperture=1e-4 FreqConversion=no FreqConversionPort=1 StatusLevel=2 CalcNoise=yes SortNoise=0 BandwidthForNoise=1.0 Hz DevOpPtLevel=0 \
SweepVar="freq" SweepPlan="SP1_stim" OutputPlan="SP1_Output" 

SweepPlan: SP1_stim Start=9.5 GHz Stop=10.5 GHz 

OutputPlan:SP1_Output \
      Type="Output" \
      UseEquationNestLevel=yes \
      EquationNestLevel=2 \
      UseSavedEquationNestLevel=yes \
      SavedEquationNestLevel=2

#load "python","LinearCollapse"
Component Module="LinearCollapse" Type="ModelExtractor" NetworkRepresentation=2
model MSub1 MSUB H=1.524 mm Er=3 Mur=1 Cond=5.88E+7 Hu=1e+33 mm T=0.017 mm TanD=0 Rough=0 mm DielectricLossModel=1 FreqForEpsrTanD=1.0 GHz LowFreqForTanD=1.0 kHz HighFreqForTanD=1.0 THz RoughnessModel=2 

Options:Options1 Tnom=16.85 TopologyCheck=yes ForceS_Params=yes GiveAllWarnings=yes MaxWarnings=10  \
ForceM_Params=yes InitialGuessAnnotation=0 TopologyCheckMessages=no doDeltaAC=no ReduceSPortRatio=0.5  \
WarnSOA=yes MaxWarnSOA=5 Census=no MinNodalR=1e-2 Ohm LargeCapThreshold=1e-3 F  \
EnableAssertChecks=no EnableSpareRemoval=no 

MLIN2:TL1  N__25 N__30 Subst="MSub1" W=6.801 mm L=23.29 mm Wall1=2.5e+28 mm Wall2=2.5e+28 mm Mod=1 
MLOC2:TL2  N__25 Subst="MSub1" W=2.5415 mm L=19.2126 mm Wall1=2.5e+28 mm Wall2=2.5e+28 mm Mod=1 
